<?xml version="1.0" encoding="UTF-8"?>
<!-- Generated by org.testng.reporters.JUnitXMLReporter -->
<testsuite ignored="0" hostname="CISM587" failures="0" tests="6" name="Test" time="2.959" errors="0" timestamp="2022-07-12T19:01:46 IST">
  <testcase classname="com.esignlyNew.testcases.LoginTest" name="tc_001_withoutAnyInput" time="0.317"/>
  <testcase classname="com.esignlyNew.testcases.LoginTest" name="tc_002_validUserWithOnlyEmail" time="0.453"/>
  <testcase classname="com.esignlyNew.testcases.LoginTest" name="tc_003_validUserWithOnlyPassword" time="0.331"/>
  <testcase classname="com.esignlyNew.testcases.LoginTest" name="tc_004_invalids" time="0.209"/>
  <testcase classname="com.esignlyNew.testcases.LoginTest" name="tc_006_checkBox_click_to_Remember_Me" time="0.122"/>
  <testcase classname="com.esignlyNew.testcases.LoginTest" name="tc_005_valids" time="0.222"/>
</testsuite> <!-- Test -->
