<?xml version="1.0" encoding="UTF-8"?>
<testng-results ignored="0" total="1" passed="1" failed="0" skipped="0">
  <reporter-output>
  </reporter-output>
  <suite started-at="2022-08-09T19:34:04 IST" name="Default suite" finished-at="2022-08-09T19:34:20 IST" duration-ms="15247">
    <groups>
    </groups>
    <test started-at="2022-08-09T19:34:04 IST" name="Default test" finished-at="2022-08-09T19:34:20 IST" duration-ms="15247">
      <class name="com.matrix.testcases.TaskTest">
        <test-method is-config="true" signature="beforeSuite()[pri:0, instance:com.matrix.testcases.TaskTest@23e84203]" started-at="2022-08-09T19:33:49 IST" name="beforeSuite" finished-at="2022-08-09T19:34:04 IST" duration-ms="15782" status="PASS">
          <reporter-output>
          </reporter-output>
        </test-method> <!-- beforeSuite -->
        <test-method is-config="true" signature="startTest()[pri:0, instance:com.matrix.testcases.TaskTest@23e84203]" started-at="2022-08-09T19:34:04 IST" name="startTest" finished-at="2022-08-09T19:34:04 IST" duration-ms="157" status="PASS">
          <reporter-output>
          </reporter-output>
        </test-method> <!-- startTest -->
        <test-method signature="tc_dash_001_verify_Tasks_Heading()[pri:1, instance:com.matrix.testcases.TaskTest@23e84203]" started-at="2022-08-09T19:34:05 IST" name="tc_dash_001_verify_Tasks_Heading" finished-at="2022-08-09T19:34:19 IST" duration-ms="14688" status="PASS">
          <reporter-output>
          </reporter-output>
        </test-method> <!-- tc_dash_001_verify_Tasks_Heading -->
        <test-method is-config="true" signature="endTest()[pri:0, instance:com.matrix.testcases.TaskTest@23e84203]" started-at="2022-08-09T19:34:19 IST" name="endTest" finished-at="2022-08-09T19:34:20 IST" duration-ms="357" status="PASS">
          <reporter-output>
          </reporter-output>
        </test-method> <!-- endTest -->
        <test-method is-config="true" signature="afterTestSuite()[pri:0, instance:com.matrix.testcases.TaskTest@23e84203]" started-at="2022-08-09T19:34:20 IST" name="afterTestSuite" finished-at="2022-08-09T19:34:20 IST" duration-ms="415" status="PASS">
          <reporter-output>
          </reporter-output>
        </test-method> <!-- afterTestSuite -->
      </class> <!-- com.matrix.testcases.TaskTest -->
    </test> <!-- Default test -->
  </suite> <!-- Default suite -->
</testng-results>
